<?xml version="1.0" encoding="UTF-8"?>
<!-- Generated by org.testng.reporters.JUnitXMLReporter -->
<testsuite ignored="0" hostname="sharathmacmini.lan" failures="0" tests="9" name="API Testing" time="7.068" errors="0" timestamp="2022-09-23T12:19:20 CDT">
  <testcase classname="learn.GetPostAPI_NoAuth" name="test" time="1.471"/>
  <testcase classname="learn.GetPostAPI_NoAuth" name="postRequest" time="0.647"/>
  <testcase classname="learn.APITest" name="test" time="0.275"/>
  <testcase classname="learn.APITest" name="postRequest" time="0.477"/>
  <testcase classname="learn.APITest" name="putRequest" time="0.549"/>
  <testcase classname="learn.GetPostAPI_OAuth2" name="test" time="1.278"/>
  <testcase classname="learn.GetPostAPI_OAuth2" name="postRequest" time="1.082"/>
  <testcase classname="learn.GetPostAPI_With_API_Key" name="test" time="0.651"/>
  <testcase classname="learn.GetPostAPI_With_API_Key" name="postRequest" time="0.615"/>
</testsuite> <!-- API Testing -->
