<?xml version="1.0" encoding="UTF-8"?>
<!-- Generated by org.testng.reporters.JUnitXMLReporter -->
<testsuite ignored="0" hostname="sharathmacmini.lan" failures="0" tests="9" name="API Testing" time="4.725" errors="0" timestamp="2022-09-06T17:25:55 CDT">
  <testcase classname="learn.GetPostAPI_NoAuth" name="test" time="1.039"/>
  <testcase classname="learn.GetPostAPI_NoAuth" name="postRequest" time="0.309"/>
  <testcase classname="learn.APITest" name="test" time="0.239"/>
  <testcase classname="learn.APITest" name="postRequest" time="0.542"/>
  <testcase classname="learn.APITest" name="putRequest" time="0.542"/>
  <testcase classname="learn.GetPostAPI_OAuth2" name="test" time="0.786"/>
  <testcase classname="learn.GetPostAPI_OAuth2" name="postRequest" time="0.628"/>
  <testcase classname="learn.GetPostAPI_With_API_Key" name="test" time="0.31"/>
  <testcase classname="learn.GetPostAPI_With_API_Key" name="postRequest" time="0.31"/>
</testsuite> <!-- API Testing -->
