<?xml version="1.0" encoding="UTF-8"?>
<testng-results ignored="0" total="9" passed="9" failed="0" skipped="0">
  <reporter-output>
  </reporter-output>
  <suite started-at="2022-09-16T18:26:04 CDT" name="Testing Navya Learning" finished-at="2022-09-16T18:26:10 CDT" duration-ms="6613">
    <groups>
    </groups>
    <test started-at="2022-09-16T18:26:04 CDT" name="API Testing" finished-at="2022-09-16T18:26:10 CDT" duration-ms="6613">
      <class name="learn.GetPostAPI_OAuth2">
        <test-method signature="test()[pri:1, instance:learn.GetPostAPI_OAuth2@4206a205]" started-at="2022-09-16T18:26:07 CDT" name="test" finished-at="2022-09-16T18:26:08 CDT" duration-ms="1131" status="PASS">
          <reporter-output>
          </reporter-output>
        </test-method> <!-- test -->
        <test-method signature="postRequest()[pri:2, instance:learn.GetPostAPI_OAuth2@4206a205]" started-at="2022-09-16T18:26:08 CDT" name="postRequest" finished-at="2022-09-16T18:26:09 CDT" duration-ms="892" status="PASS">
          <reporter-output>
          </reporter-output>
        </test-method> <!-- postRequest -->
      </class> <!-- learn.GetPostAPI_OAuth2 -->
      <class name="learn.GetPostAPI_NoAuth">
        <test-method signature="test()[pri:1, instance:learn.GetPostAPI_NoAuth@4f9a3314]" started-at="2022-09-16T18:26:04 CDT" name="test" finished-at="2022-09-16T18:26:05 CDT" duration-ms="1432" status="PASS">
          <reporter-output>
          </reporter-output>
        </test-method> <!-- test -->
        <test-method signature="postRequest()[pri:2, instance:learn.GetPostAPI_NoAuth@4f9a3314]" started-at="2022-09-16T18:26:05 CDT" name="postRequest" finished-at="2022-09-16T18:26:06 CDT" duration-ms="631" status="PASS">
          <reporter-output>
          </reporter-output>
        </test-method> <!-- postRequest -->
      </class> <!-- learn.GetPostAPI_NoAuth -->
      <class name="learn.GetPostAPI_With_API_Key">
        <test-method signature="test()[pri:1, instance:learn.GetPostAPI_With_API_Key@29ba4338]" started-at="2022-09-16T18:26:09 CDT" name="test" finished-at="2022-09-16T18:26:10 CDT" duration-ms="575" status="PASS">
          <reporter-output>
          </reporter-output>
        </test-method> <!-- test -->
        <test-method signature="postRequest()[pri:2, instance:learn.GetPostAPI_With_API_Key@29ba4338]" started-at="2022-09-16T18:26:10 CDT" name="postRequest" finished-at="2022-09-16T18:26:10 CDT" duration-ms="592" status="PASS">
          <reporter-output>
          </reporter-output>
        </test-method> <!-- postRequest -->
      </class> <!-- learn.GetPostAPI_With_API_Key -->
      <class name="learn.APITest">
        <test-method signature="test()[pri:1, instance:learn.APITest@6279cee3]" started-at="2022-09-16T18:26:06 CDT" name="test" finished-at="2022-09-16T18:26:06 CDT" duration-ms="282" status="PASS">
          <reporter-output>
          </reporter-output>
        </test-method> <!-- test -->
        <test-method signature="postRequest()[pri:2, instance:learn.APITest@6279cee3]" started-at="2022-09-16T18:26:06 CDT" name="postRequest" finished-at="2022-09-16T18:26:06 CDT" duration-ms="531" status="PASS">
          <reporter-output>
          </reporter-output>
        </test-method> <!-- postRequest -->
        <test-method signature="putRequest()[pri:3, instance:learn.APITest@6279cee3]" started-at="2022-09-16T18:26:06 CDT" name="putRequest" finished-at="2022-09-16T18:26:07 CDT" duration-ms="531" status="PASS">
          <reporter-output>
          </reporter-output>
        </test-method> <!-- putRequest -->
      </class> <!-- learn.APITest -->
    </test> <!-- API Testing -->
  </suite> <!-- Testing Navya Learning -->
</testng-results>
