<?xml version="1.0" encoding="UTF-8"?>
<testsuite xmlns:xsi="http://www.w3.org/2001/XMLSchema-instance" xsi:noNamespaceSchemaLocation="https://maven.apache.org/surefire/maven-surefire-plugin/xsd/surefire-test-report.xsd" name="TestSuite" time="5.701" tests="9" errors="0" skipped="0" failures="0">
  <properties>
[...]
</properties>
  <testcase name="test" classname="learn.GetPostAPI_NoAuth" time="1.671"/>
  <testcase name="postRequest" classname="learn.GetPostAPI_NoAuth" time="0.323"/>
  <testcase name="test" classname="learn.APITest" time="0.235"/>
  <testcase name="postRequest" classname="learn.APITest" time="0.507"/>
  <testcase name="putRequest" classname="learn.APITest" time="0.618"/>
  <testcase name="test" classname="learn.GetPostAPI_OAuth2" time="0.766"/>
  <testcase name="postRequest" classname="learn.GetPostAPI_OAuth2" time="0.617"/>
  <testcase name="test" classname="learn.GetPostAPI_With_API_Key" time="0.32"/>
  <testcase name="postRequest" classname="learn.GetPostAPI_With_API_Key" time="0.36"/>
</testsuite>