<?xml version="1.0" encoding="UTF-8"?>
<testng-results ignored="0" total="9" passed="9" failed="0" skipped="0">
  <reporter-output>
  </reporter-output>
  <suite started-at="2022-09-07T19:32:05 CDT" name="Testing Navya Learning" finished-at="2022-09-07T19:32:10 CDT" duration-ms="5442">
    <groups>
    </groups>
    <test started-at="2022-09-07T19:32:05 CDT" name="API Testing" finished-at="2022-09-07T19:32:10 CDT" duration-ms="5442">
      <class name="learn.GetPostAPI_OAuth2">
        <test-method signature="test()[pri:1, instance:learn.GetPostAPI_OAuth2@7ff2a664]" started-at="2022-09-07T19:32:08 CDT" name="test" finished-at="2022-09-07T19:32:09 CDT" duration-ms="766" status="PASS">
          <reporter-output>
          </reporter-output>
        </test-method> <!-- test -->
        <test-method signature="postRequest()[pri:2, instance:learn.GetPostAPI_OAuth2@7ff2a664]" started-at="2022-09-07T19:32:09 CDT" name="postRequest" finished-at="2022-09-07T19:32:10 CDT" duration-ms="616" status="PASS">
          <reporter-output>
          </reporter-output>
        </test-method> <!-- postRequest -->
      </class> <!-- learn.GetPostAPI_OAuth2 -->
      <class name="learn.GetPostAPI_NoAuth">
        <test-method signature="test()[pri:1, instance:learn.GetPostAPI_NoAuth@78a2da20]" started-at="2022-09-07T19:32:05 CDT" name="test" finished-at="2022-09-07T19:32:07 CDT" duration-ms="1670" status="PASS">
          <reporter-output>
          </reporter-output>
        </test-method> <!-- test -->
        <test-method signature="postRequest()[pri:2, instance:learn.GetPostAPI_NoAuth@78a2da20]" started-at="2022-09-07T19:32:07 CDT" name="postRequest" finished-at="2022-09-07T19:32:07 CDT" duration-ms="324" status="PASS">
          <reporter-output>
          </reporter-output>
        </test-method> <!-- postRequest -->
      </class> <!-- learn.GetPostAPI_NoAuth -->
      <class name="learn.GetPostAPI_With_API_Key">
        <test-method signature="test()[pri:1, instance:learn.GetPostAPI_With_API_Key@525b461a]" started-at="2022-09-07T19:32:10 CDT" name="test" finished-at="2022-09-07T19:32:10 CDT" duration-ms="321" status="PASS">
          <reporter-output>
          </reporter-output>
        </test-method> <!-- test -->
        <test-method signature="postRequest()[pri:2, instance:learn.GetPostAPI_With_API_Key@525b461a]" started-at="2022-09-07T19:32:10 CDT" name="postRequest" finished-at="2022-09-07T19:32:10 CDT" duration-ms="359" status="PASS">
          <reporter-output>
          </reporter-output>
        </test-method> <!-- postRequest -->
      </class> <!-- learn.GetPostAPI_With_API_Key -->
      <class name="learn.APITest">
        <test-method signature="test()[pri:1, instance:learn.APITest@6a472554]" started-at="2022-09-07T19:32:07 CDT" name="test" finished-at="2022-09-07T19:32:07 CDT" duration-ms="236" status="PASS">
          <reporter-output>
          </reporter-output>
        </test-method> <!-- test -->
        <test-method signature="postRequest()[pri:2, instance:learn.APITest@6a472554]" started-at="2022-09-07T19:32:07 CDT" name="postRequest" finished-at="2022-09-07T19:32:08 CDT" duration-ms="507" status="PASS">
          <reporter-output>
          </reporter-output>
        </test-method> <!-- postRequest -->
        <test-method signature="putRequest()[pri:3, instance:learn.APITest@6a472554]" started-at="2022-09-07T19:32:08 CDT" name="putRequest" finished-at="2022-09-07T19:32:08 CDT" duration-ms="617" status="PASS">
          <reporter-output>
          </reporter-output>
        </test-method> <!-- putRequest -->
      </class> <!-- learn.APITest -->
    </test> <!-- API Testing -->
  </suite> <!-- Testing Navya Learning -->
</testng-results>
