<?xml version="1.0" encoding="UTF-8"?>
<testsuite xmlns:xsi="http://www.w3.org/2001/XMLSchema-instance" xsi:noNamespaceSchemaLocation="https://maven.apache.org/surefire/maven-surefire-plugin/xsd/surefire-test-report.xsd" name="TestSuite" time="4.915" tests="9" errors="0" skipped="0" failures="0">
  <properties>
[...]
</properties>
  <testcase name="test" classname="learn.GetPostAPI_NoAuth" time="1.04"/>
  <testcase name="postRequest" classname="learn.GetPostAPI_NoAuth" time="0.309"/>
  <testcase name="test" classname="learn.APITest" time="0.239"/>
  <testcase name="postRequest" classname="learn.APITest" time="0.542"/>
  <testcase name="putRequest" classname="learn.APITest" time="0.542"/>
  <testcase name="test" classname="learn.GetPostAPI_OAuth2" time="0.787"/>
  <testcase name="postRequest" classname="learn.GetPostAPI_OAuth2" time="0.628"/>
  <testcase name="test" classname="learn.GetPostAPI_With_API_Key" time="0.311"/>
  <testcase name="postRequest" classname="learn.GetPostAPI_With_API_Key" time="0.311"/>
</testsuite>